<?xml version="1.0" encoding="UTF-8"?>
<!-- Generated by org.testng.reporters.JUnitReportReporter -->
<testsuite hostname="Geetanjalis-Mac-mini.local" name="com.hemanta.automation.automation.DemoSauceTest" tests="1" failures="0" timestamp="22 Apr 2015 01:58:58 GMT" time="18.884" errors="0">
  <testcase name="webDriver" time="18.884" classname="com.hemanta.automation.automation.DemoSauceTest"/>
</testsuite> <!-- com.hemanta.automation.automation.DemoSauceTest -->
