<?xml version="1.0" encoding="UTF-8"?>
<!-- Generated by org.testng.reporters.JUnitReportReporter -->
<testsuite hostname="Geetanjalis-Mac-mini.local" name="com.hemanta.automation.automation.DemoSauceTest" tests="1" failures="0" timestamp="22 Apr 2015 02:18:26 GMT" time="9.258" errors="0">
  <testcase name="webDriver" time="9.258" classname="com.hemanta.automation.automation.DemoSauceTest"/>
</testsuite>
